#! /c/Source/iverilog-install/bin/vvp
:ivl_version "12.0 (devel)" "(s20150603-1539-g2693dd32b)";
:ivl_delay_selection "TYPICAL";
:vpi_time_precision + 0;
:vpi_module "C:\iverilog\lib\ivl\system.vpi";
:vpi_module "C:\iverilog\lib\ivl\vhdl_sys.vpi";
:vpi_module "C:\iverilog\lib\ivl\vhdl_textio.vpi";
:vpi_module "C:\iverilog\lib\ivl\v2005_math.vpi";
:vpi_module "C:\iverilog\lib\ivl\va_math.vpi";
S_000001f2d56a2ce0 .scope module, "controller" "controller" 2 4;
 .timescale 0 0;
    .port_info 0 /INPUT 1 "c_clk";
    .port_info 1 /INPUT 1 "c_reset";
    .port_info 2 /INPUT 1 "c_start";
    .port_info 3 /OUTPUT 1 "c_load_A";
    .port_info 4 /OUTPUT 1 "c_load_Q";
    .port_info 5 /OUTPUT 1 "c_load_M";
    .port_info 6 /OUTPUT 1 "c_load_Qm";
    .port_info 7 /OUTPUT 1 "c_clr_M";
    .port_info 8 /OUTPUT 1 "c_clr_Q";
    .port_info 9 /OUTPUT 1 "c_clr_A";
    .port_info 10 /OUTPUT 1 "c_clr_Qm";
    .port_info 11 /OUTPUT 1 "c_sel_alu";
    .port_info 12 /INPUT 1 "c_sel_add";
    .port_info 13 /INPUT 1 "c_sel_sub";
    .port_info 14 /INPUT 1 "c_sel_other";
    .port_info 15 /OUTPUT 1 "c_shift_A";
    .port_info 16 /OUTPUT 1 "c_shift_Q";
    .port_info 17 /OUTPUT 1 "c_done";
    .port_info 18 /INPUT 1 "c_eqz";
    .port_info 19 /OUTPUT 1 "c_decre";
P_000001f2d56a2e70 .param/l "S0" 0 2 17, C4<000>;
P_000001f2d56a2ea8 .param/l "S1" 0 2 17, C4<001>;
P_000001f2d56a2ee0 .param/l "S2" 0 2 17, C4<010>;
P_000001f2d56a2f18 .param/l "S3" 0 2 17, C4<011>;
P_000001f2d56a2f50 .param/l "S4" 0 2 17, C4<100>;
P_000001f2d56a2f88 .param/l "S5" 0 2 17, C4<101>;
P_000001f2d56a2fc0 .param/l "S6" 0 2 17, C4<110>;
v000001f2d579bd40_0 .var "NState", 2 0;
v000001f2d56d4cf0_0 .var "PState", 2 0;
o000001f2d56ebfd8 .functor BUFZ 1, C4<z>; HiZ drive
v000001f2d56d4d90_0 .net "c_clk", 0 0, o000001f2d56ebfd8;  0 drivers
v000001f2d56d4e30_0 .var "c_clr_A", 0 0;
v000001f2d56d4ed0_0 .var "c_clr_M", 0 0;
v000001f2d573b060_0 .var "c_clr_Q", 0 0;
v000001f2d573b100_0 .var "c_clr_Qm", 0 0;
v000001f2d573b1a0_0 .var "c_decre", 0 0;
v000001f2d573b240_0 .var "c_done", 0 0;
o000001f2d56ec128 .functor BUFZ 1, C4<z>; HiZ drive
v000001f2d573b2e0_0 .net "c_eqz", 0 0, o000001f2d56ec128;  0 drivers
v000001f2d573b380_0 .var "c_load_A", 0 0;
v000001f2d573b420_0 .var "c_load_M", 0 0;
v000001f2d573b4c0_0 .var "c_load_Q", 0 0;
v000001f2d573b560_0 .var "c_load_Qm", 0 0;
o000001f2d56ec218 .functor BUFZ 1, C4<z>; HiZ drive
v000001f2d573bbf0_0 .net "c_reset", 0 0, o000001f2d56ec218;  0 drivers
o000001f2d56ec248 .functor BUFZ 1, C4<z>; HiZ drive
v000001f2d573bfb0_0 .net "c_sel_add", 0 0, o000001f2d56ec248;  0 drivers
v000001f2d573b8d0_0 .var "c_sel_alu", 0 0;
o000001f2d56ec2a8 .functor BUFZ 1, C4<z>; HiZ drive
v000001f2d573c2d0_0 .net "c_sel_other", 0 0, o000001f2d56ec2a8;  0 drivers
o000001f2d56ec2d8 .functor BUFZ 1, C4<z>; HiZ drive
v000001f2d573c4b0_0 .net "c_sel_sub", 0 0, o000001f2d56ec2d8;  0 drivers
v000001f2d573b970_0 .var "c_shift_A", 0 0;
v000001f2d573c370_0 .var "c_shift_Q", 0 0;
o000001f2d56ec368 .functor BUFZ 1, C4<z>; HiZ drive
v000001f2d573bc90_0 .net "c_start", 0 0, o000001f2d56ec368;  0 drivers
E_000001f2d56cf110/0 .event anyedge, v000001f2d56d4cf0_0, v000001f2d573bc90_0, v000001f2d573bfb0_0, v000001f2d573c4b0_0;
E_000001f2d56cf110/1 .event anyedge, v000001f2d573c2d0_0, v000001f2d573b2e0_0;
E_000001f2d56cf110 .event/or E_000001f2d56cf110/0, E_000001f2d56cf110/1;
E_000001f2d56cf210/0 .event negedge, v000001f2d573bbf0_0;
E_000001f2d56cf210/1 .event posedge, v000001f2d56d4d90_0;
E_000001f2d56cf210 .event/or E_000001f2d56cf210/0, E_000001f2d56cf210/1;
    .scope S_000001f2d56a2ce0;
T_0 ;
    %wait E_000001f2d56cf210;
    %load/vec4 v000001f2d573bbf0_0;
    %inv;
    %flag_set/vec4 8;
    %jmp/0xz  T_0.0, 8;
    %pushi/vec4 0, 0, 3;
    %assign/vec4 v000001f2d56d4cf0_0, 0;
    %jmp T_0.1;
T_0.0 ;
    %load/vec4 v000001f2d579bd40_0;
    %assign/vec4 v000001f2d56d4cf0_0, 0;
T_0.1 ;
    %jmp T_0;
    .thread T_0;
    .scope S_000001f2d56a2ce0;
T_1 ;
    %wait E_000001f2d56cf110;
    %load/vec4 v000001f2d56d4cf0_0;
    %dup/vec4;
    %pushi/vec4 0, 0, 3;
    %cmp/u;
    %jmp/1 T_1.0, 6;
    %dup/vec4;
    %pushi/vec4 1, 0, 3;
    %cmp/u;
    %jmp/1 T_1.1, 6;
    %dup/vec4;
    %pushi/vec4 2, 0, 3;
    %cmp/u;
    %jmp/1 T_1.2, 6;
    %dup/vec4;
    %pushi/vec4 3, 0, 3;
    %cmp/u;
    %jmp/1 T_1.3, 6;
    %dup/vec4;
    %pushi/vec4 4, 0, 3;
    %cmp/u;
    %jmp/1 T_1.4, 6;
    %dup/vec4;
    %pushi/vec4 5, 0, 3;
    %cmp/u;
    %jmp/1 T_1.5, 6;
    %dup/vec4;
    %pushi/vec4 6, 0, 3;
    %cmp/u;
    %jmp/1 T_1.6, 6;
    %jmp T_1.7;
T_1.0 ;
    %load/vec4 v000001f2d573bc90_0;
    %cmpi/e 1, 0, 1;
    %jmp/0xz  T_1.8, 4;
    %pushi/vec4 0, 0, 1;
    %store/vec4 v000001f2d573b380_0, 0, 1;
    %pushi/vec4 0, 0, 1;
    %store/vec4 v000001f2d573b4c0_0, 0, 1;
    %pushi/vec4 0, 0, 1;
    %store/vec4 v000001f2d573b420_0, 0, 1;
    %pushi/vec4 0, 0, 1;
    %store/vec4 v000001f2d573b560_0, 0, 1;
    %pushi/vec4 0, 0, 1;
    %store/vec4 v000001f2d56d4e30_0, 0, 1;
    %pushi/vec4 0, 0, 1;
    %store/vec4 v000001f2d573b060_0, 0, 1;
    %pushi/vec4 0, 0, 1;
    %store/vec4 v000001f2d56d4ed0_0, 0, 1;
    %pushi/vec4 0, 0, 1;
    %store/vec4 v000001f2d573b100_0, 0, 1;
    %pushi/vec4 0, 0, 1;
    %store/vec4 v000001f2d573b8d0_0, 0, 1;
    %pushi/vec4 0, 0, 1;
    %store/vec4 v000001f2d573b970_0, 0, 1;
    %pushi/vec4 0, 0, 1;
    %store/vec4 v000001f2d573c370_0, 0, 1;
    %pushi/vec4 0, 0, 1;
    %store/vec4 v000001f2d573b1a0_0, 0, 1;
    %pushi/vec4 0, 0, 1;
    %store/vec4 v000001f2d573b240_0, 0, 1;
    %pushi/vec4 1, 0, 3;
    %store/vec4 v000001f2d579bd40_0, 0, 3;
    %jmp T_1.9;
T_1.8 ;
    %pushi/vec4 0, 0, 1;
    %store/vec4 v000001f2d573b380_0, 0, 1;
    %pushi/vec4 0, 0, 1;
    %store/vec4 v000001f2d573b4c0_0, 0, 1;
    %pushi/vec4 0, 0, 1;
    %store/vec4 v000001f2d573b420_0, 0, 1;
    %pushi/vec4 0, 0, 1;
    %store/vec4 v000001f2d573b560_0, 0, 1;
    %pushi/vec4 0, 0, 1;
    %store/vec4 v000001f2d56d4e30_0, 0, 1;
    %pushi/vec4 0, 0, 1;
    %store/vec4 v000001f2d573b060_0, 0, 1;
    %pushi/vec4 0, 0, 1;
    %store/vec4 v000001f2d56d4ed0_0, 0, 1;
    %pushi/vec4 0, 0, 1;
    %store/vec4 v000001f2d573b100_0, 0, 1;
    %pushi/vec4 0, 0, 1;
    %store/vec4 v000001f2d573b8d0_0, 0, 1;
    %pushi/vec4 0, 0, 1;
    %store/vec4 v000001f2d573b970_0, 0, 1;
    %pushi/vec4 0, 0, 1;
    %store/vec4 v000001f2d573c370_0, 0, 1;
    %pushi/vec4 0, 0, 1;
    %store/vec4 v000001f2d573b1a0_0, 0, 1;
    %pushi/vec4 0, 0, 1;
    %store/vec4 v000001f2d573b240_0, 0, 1;
    %pushi/vec4 0, 0, 3;
    %store/vec4 v000001f2d579bd40_0, 0, 3;
T_1.9 ;
    %jmp T_1.7;
T_1.1 ;
    %pushi/vec4 0, 0, 1;
    %store/vec4 v000001f2d573b380_0, 0, 1;
    %pushi/vec4 0, 0, 1;
    %store/vec4 v000001f2d573b4c0_0, 0, 1;
    %pushi/vec4 0, 0, 1;
    %store/vec4 v000001f2d573b420_0, 0, 1;
    %pushi/vec4 0, 0, 1;
    %store/vec4 v000001f2d573b560_0, 0, 1;
    %pushi/vec4 1, 0, 1;
    %store/vec4 v000001f2d56d4e30_0, 0, 1;
    %pushi/vec4 1, 0, 1;
    %store/vec4 v000001f2d573b060_0, 0, 1;
    %pushi/vec4 1, 0, 1;
    %store/vec4 v000001f2d56d4ed0_0, 0, 1;
    %pushi/vec4 1, 0, 1;
    %store/vec4 v000001f2d573b100_0, 0, 1;
    %pushi/vec4 0, 0, 1;
    %store/vec4 v000001f2d573b8d0_0, 0, 1;
    %pushi/vec4 0, 0, 1;
    %store/vec4 v000001f2d573b970_0, 0, 1;
    %pushi/vec4 0, 0, 1;
    %store/vec4 v000001f2d573c370_0, 0, 1;
    %pushi/vec4 0, 0, 1;
    %store/vec4 v000001f2d573b1a0_0, 0, 1;
    %pushi/vec4 0, 0, 1;
    %store/vec4 v000001f2d573b240_0, 0, 1;
    %pushi/vec4 2, 0, 3;
    %store/vec4 v000001f2d579bd40_0, 0, 3;
    %jmp T_1.7;
T_1.2 ;
    %pushi/vec4 0, 0, 1;
    %store/vec4 v000001f2d573b380_0, 0, 1;
    %pushi/vec4 0, 0, 1;
    %store/vec4 v000001f2d573b4c0_0, 0, 1;
    %pushi/vec4 1, 0, 1;
    %store/vec4 v000001f2d573b420_0, 0, 1;
    %pushi/vec4 0, 0, 1;
    %store/vec4 v000001f2d573b560_0, 0, 1;
    %pushi/vec4 0, 0, 1;
    %store/vec4 v000001f2d56d4e30_0, 0, 1;
    %pushi/vec4 0, 0, 1;
    %store/vec4 v000001f2d573b060_0, 0, 1;
    %pushi/vec4 0, 0, 1;
    %store/vec4 v000001f2d56d4ed0_0, 0, 1;
    %pushi/vec4 0, 0, 1;
    %store/vec4 v000001f2d573b100_0, 0, 1;
    %pushi/vec4 0, 0, 1;
    %store/vec4 v000001f2d573b8d0_0, 0, 1;
    %pushi/vec4 0, 0, 1;
    %store/vec4 v000001f2d573b970_0, 0, 1;
    %pushi/vec4 0, 0, 1;
    %store/vec4 v000001f2d573c370_0, 0, 1;
    %pushi/vec4 0, 0, 1;
    %store/vec4 v000001f2d573b1a0_0, 0, 1;
    %pushi/vec4 0, 0, 1;
    %store/vec4 v000001f2d573b240_0, 0, 1;
    %pushi/vec4 3, 0, 3;
    %store/vec4 v000001f2d579bd40_0, 0, 3;
    %jmp T_1.7;
T_1.3 ;
    %pushi/vec4 0, 0, 1;
    %store/vec4 v000001f2d573b380_0, 0, 1;
    %pushi/vec4 1, 0, 1;
    %store/vec4 v000001f2d573b4c0_0, 0, 1;
    %pushi/vec4 0, 0, 1;
    %store/vec4 v000001f2d573b420_0, 0, 1;
    %pushi/vec4 0, 0, 1;
    %store/vec4 v000001f2d573b560_0, 0, 1;
    %pushi/vec4 0, 0, 1;
    %store/vec4 v000001f2d56d4e30_0, 0, 1;
    %pushi/vec4 0, 0, 1;
    %store/vec4 v000001f2d573b060_0, 0, 1;
    %pushi/vec4 0, 0, 1;
    %store/vec4 v000001f2d56d4ed0_0, 0, 1;
    %pushi/vec4 0, 0, 1;
    %store/vec4 v000001f2d573b100_0, 0, 1;
    %pushi/vec4 0, 0, 1;
    %store/vec4 v000001f2d573b8d0_0, 0, 1;
    %pushi/vec4 0, 0, 1;
    %store/vec4 v000001f2d573b970_0, 0, 1;
    %pushi/vec4 0, 0, 1;
    %store/vec4 v000001f2d573c370_0, 0, 1;
    %pushi/vec4 0, 0, 1;
    %store/vec4 v000001f2d573b1a0_0, 0, 1;
    %pushi/vec4 0, 0, 1;
    %store/vec4 v000001f2d573b240_0, 0, 1;
    %pushi/vec4 4, 0, 3;
    %store/vec4 v000001f2d579bd40_0, 0, 3;
    %jmp T_1.7;
T_1.4 ;
    %pushi/vec4 0, 0, 1;
    %store/vec4 v000001f2d573b4c0_0, 0, 1;
    %pushi/vec4 0, 0, 1;
    %store/vec4 v000001f2d573b420_0, 0, 1;
    %pushi/vec4 0, 0, 1;
    %store/vec4 v000001f2d573b560_0, 0, 1;
    %pushi/vec4 0, 0, 1;
    %store/vec4 v000001f2d56d4e30_0, 0, 1;
    %pushi/vec4 0, 0, 1;
    %store/vec4 v000001f2d573b060_0, 0, 1;
    %pushi/vec4 0, 0, 1;
    %store/vec4 v000001f2d56d4ed0_0, 0, 1;
    %pushi/vec4 0, 0, 1;
    %store/vec4 v000001f2d573b100_0, 0, 1;
    %pushi/vec4 0, 0, 1;
    %store/vec4 v000001f2d573b970_0, 0, 1;
    %pushi/vec4 0, 0, 1;
    %store/vec4 v000001f2d573c370_0, 0, 1;
    %pushi/vec4 0, 0, 1;
    %store/vec4 v000001f2d573b1a0_0, 0, 1;
    %pushi/vec4 0, 0, 1;
    %store/vec4 v000001f2d573b240_0, 0, 1;
    %load/vec4 v000001f2d573bfb0_0;
    %cmpi/e 1, 0, 1;
    %flag_get/vec4 4;
    %jmp/0 T_1.13, 4;
    %load/vec4 v000001f2d573c4b0_0;
    %pushi/vec4 0, 0, 1;
    %cmp/e;
    %flag_get/vec4 4;
    %and;
T_1.13;
    %flag_set/vec4 9;
    %flag_get/vec4 9;
    %jmp/0 T_1.12, 9;
    %load/vec4 v000001f2d573c2d0_0;
    %pushi/vec4 0, 0, 1;
    %cmp/e;
    %flag_get/vec4 4;
    %and;
T_1.12;
    %flag_set/vec4 8;
    %jmp/0xz  T_1.10, 8;
    %pushi/vec4 0, 0, 1;
    %store/vec4 v000001f2d573b8d0_0, 0, 1;
    %pushi/vec4 1, 0, 1;
    %store/vec4 v000001f2d573b380_0, 0, 1;
    %pushi/vec4 5, 0, 3;
    %store/vec4 v000001f2d579bd40_0, 0, 3;
    %jmp T_1.11;
T_1.10 ;
    %load/vec4 v000001f2d573bfb0_0;
    %cmpi/e 0, 0, 1;
    %flag_get/vec4 4;
    %jmp/0 T_1.17, 4;
    %load/vec4 v000001f2d573c4b0_0;
    %pushi/vec4 1, 0, 1;
    %cmp/e;
    %flag_get/vec4 4;
    %and;
T_1.17;
    %flag_set/vec4 9;
    %flag_get/vec4 9;
    %jmp/0 T_1.16, 9;
    %load/vec4 v000001f2d573c2d0_0;
    %pushi/vec4 0, 0, 1;
    %cmp/e;
    %flag_get/vec4 4;
    %and;
T_1.16;
    %flag_set/vec4 8;
    %jmp/0xz  T_1.14, 8;
    %pushi/vec4 1, 0, 1;
    %store/vec4 v000001f2d573b8d0_0, 0, 1;
    %pushi/vec4 1, 0, 1;
    %store/vec4 v000001f2d573b380_0, 0, 1;
    %pushi/vec4 5, 0, 3;
    %store/vec4 v000001f2d579bd40_0, 0, 3;
    %jmp T_1.15;
T_1.14 ;
    %load/vec4 v000001f2d573bfb0_0;
    %cmpi/e 0, 0, 1;
    %flag_get/vec4 4;
    %jmp/0 T_1.21, 4;
    %load/vec4 v000001f2d573c4b0_0;
    %pushi/vec4 0, 0, 1;
    %cmp/e;
    %flag_get/vec4 4;
    %and;
T_1.21;
    %flag_set/vec4 9;
    %flag_get/vec4 9;
    %jmp/0 T_1.20, 9;
    %load/vec4 v000001f2d573c2d0_0;
    %pushi/vec4 1, 0, 1;
    %cmp/e;
    %flag_get/vec4 4;
    %and;
T_1.20;
    %flag_set/vec4 8;
    %jmp/0xz  T_1.18, 8;
    %pushi/vec4 0, 0, 1;
    %store/vec4 v000001f2d573b8d0_0, 0, 1;
    %pushi/vec4 0, 0, 1;
    %store/vec4 v000001f2d573b380_0, 0, 1;
    %pushi/vec4 5, 0, 3;
    %store/vec4 v000001f2d579bd40_0, 0, 3;
T_1.18 ;
T_1.15 ;
T_1.11 ;
    %jmp T_1.7;
T_1.5 ;
    %pushi/vec4 0, 0, 1;
    %store/vec4 v000001f2d573b380_0, 0, 1;
    %pushi/vec4 0, 0, 1;
    %store/vec4 v000001f2d573b4c0_0, 0, 1;
    %pushi/vec4 0, 0, 1;
    %store/vec4 v000001f2d573b420_0, 0, 1;
    %pushi/vec4 1, 0, 1;
    %store/vec4 v000001f2d573b560_0, 0, 1;
    %pushi/vec4 0, 0, 1;
    %store/vec4 v000001f2d56d4e30_0, 0, 1;
    %pushi/vec4 0, 0, 1;
    %store/vec4 v000001f2d573b060_0, 0, 1;
    %pushi/vec4 0, 0, 1;
    %store/vec4 v000001f2d56d4ed0_0, 0, 1;
    %pushi/vec4 0, 0, 1;
    %store/vec4 v000001f2d573b100_0, 0, 1;
    %pushi/vec4 0, 0, 1;
    %store/vec4 v000001f2d573b8d0_0, 0, 1;
    %pushi/vec4 1, 0, 1;
    %store/vec4 v000001f2d573b970_0, 0, 1;
    %pushi/vec4 1, 0, 1;
    %store/vec4 v000001f2d573c370_0, 0, 1;
    %pushi/vec4 1, 0, 1;
    %store/vec4 v000001f2d573b1a0_0, 0, 1;
    %pushi/vec4 0, 0, 1;
    %store/vec4 v000001f2d573b240_0, 0, 1;
    %pushi/vec4 6, 0, 3;
    %store/vec4 v000001f2d579bd40_0, 0, 3;
    %jmp T_1.7;
T_1.6 ;
    %pushi/vec4 0, 0, 1;
    %store/vec4 v000001f2d573b380_0, 0, 1;
    %pushi/vec4 0, 0, 1;
    %store/vec4 v000001f2d573b4c0_0, 0, 1;
    %pushi/vec4 0, 0, 1;
    %store/vec4 v000001f2d573b420_0, 0, 1;
    %pushi/vec4 0, 0, 1;
    %store/vec4 v000001f2d573b560_0, 0, 1;
    %pushi/vec4 0, 0, 1;
    %store/vec4 v000001f2d56d4e30_0, 0, 1;
    %pushi/vec4 0, 0, 1;
    %store/vec4 v000001f2d573b060_0, 0, 1;
    %pushi/vec4 0, 0, 1;
    %store/vec4 v000001f2d56d4ed0_0, 0, 1;
    %pushi/vec4 0, 0, 1;
    %store/vec4 v000001f2d573b100_0, 0, 1;
    %pushi/vec4 0, 0, 1;
    %store/vec4 v000001f2d573b970_0, 0, 1;
    %pushi/vec4 0, 0, 1;
    %store/vec4 v000001f2d573c370_0, 0, 1;
    %pushi/vec4 0, 0, 1;
    %store/vec4 v000001f2d573b1a0_0, 0, 1;
    %pushi/vec4 0, 0, 1;
    %store/vec4 v000001f2d573b8d0_0, 0, 1;
    %load/vec4 v000001f2d573b2e0_0;
    %cmpi/e 1, 0, 1;
    %jmp/0xz  T_1.22, 4;
    %pushi/vec4 1, 0, 1;
    %store/vec4 v000001f2d573b240_0, 0, 1;
    %pushi/vec4 0, 0, 3;
    %store/vec4 v000001f2d579bd40_0, 0, 3;
    %jmp T_1.23;
T_1.22 ;
    %load/vec4 v000001f2d573b2e0_0;
    %cmpi/e 0, 0, 1;
    %jmp/0xz  T_1.24, 4;
    %pushi/vec4 0, 0, 1;
    %store/vec4 v000001f2d573b240_0, 0, 1;
    %pushi/vec4 4, 0, 3;
    %store/vec4 v000001f2d579bd40_0, 0, 3;
T_1.24 ;
T_1.23 ;
    %jmp T_1.7;
T_1.7 ;
    %pop/vec4 1;
    %jmp T_1;
    .thread T_1, $push;
# The file index is used to find the file name in the following table.
:file_names 3;
    "N/A";
    "<interactive>";
    "control3.v";
