#! /c/Source/iverilog-install/bin/vvp
:ivl_version "12.0 (devel)" "(s20150603-1539-g2693dd32b)";
:ivl_delay_selection "TYPICAL";
:vpi_time_precision + 0;
:vpi_module "C:\iverilog\lib\ivl\system.vpi";
:vpi_module "C:\iverilog\lib\ivl\vhdl_sys.vpi";
:vpi_module "C:\iverilog\lib\ivl\vhdl_textio.vpi";
:vpi_module "C:\iverilog\lib\ivl\v2005_math.vpi";
:vpi_module "C:\iverilog\lib\ivl\va_math.vpi";
S_00000279fa87f3a0 .scope module, "tb" "tb" 2 4;
 .timescale 0 0;
v00000279fa8d81f0_0 .var "clk", 0 0;
v00000279fa8d83d0_0 .var "data_in", 15 0;
v00000279fa8d8510_0 .net "data_out", 15 0, v00000279fa8d7e30_0;  1 drivers
v00000279fa8d8970_0 .var/i "i", 31 0;
v00000279fa8d85b0_0 .net "load_dis", 0 0, v00000279fa883a70_0;  1 drivers
v00000279fa8d8650_0 .var "reset", 0 0;
v00000279fa8d8ab0_0 .var "start", 0 0;
v00000279fa8d8b50_0 .net "temp_MUX1", 0 0, v00000279fa883d90_0;  1 drivers
v00000279fa8dad10_0 .net "temp_MUX2", 0 0, v00000279fa882f30_0;  1 drivers
RS_00000279fa884468 .resolv tri, v00000279fa8831b0_0, v00000279fa8d7250_0;
v00000279fa8da1d0_0 .net8 "temp_done", 0 0, RS_00000279fa884468;  2 drivers
RS_00000279fa884498 .resolv tri, v00000279fa8832f0_0, v00000279fa8d74d0_0;
v00000279fa8db990_0 .net8 "temp_eq", 0 0, RS_00000279fa884498;  2 drivers
RS_00000279fa8844c8 .resolv tri, v00000279fa883c50_0, v00000279fa8d7570_0;
v00000279fa8d9f50_0 .net8 "temp_gt", 0 0, RS_00000279fa8844c8;  2 drivers
v00000279fa8da4f0_0 .net "temp_lda", 0 0, v00000279fa883390_0;  1 drivers
v00000279fa8da310_0 .net "temp_ldb", 0 0, v00000279fa883610_0;  1 drivers
RS_00000279fa884588 .resolv tri, v00000279fa883930_0, v00000279fa8d7cf0_0;
v00000279fa8dab30_0 .net8 "temp_lt", 0 0, RS_00000279fa884588;  2 drivers
E_00000279fa881d30 .event posedge, v00000279fa8831b0_0;
E_00000279fa882470 .event negedge, v00000279fa883570_0;
S_00000279fa882ae0 .scope module, "CT" "controller" 2 27, 3 4 0, S_00000279fa87f3a0;
 .timescale 0 0;
    .port_info 0 /INPUT 1 "clk";
    .port_info 1 /INPUT 1 "reset";
    .port_info 2 /OUTPUT 1 "load_A";
    .port_info 3 /OUTPUT 1 "load_B";
    .port_info 4 /OUTPUT 1 "lt";
    .port_info 5 /OUTPUT 1 "gt";
    .port_info 6 /OUTPUT 1 "eq";
    .port_info 7 /OUTPUT 1 "done";
    .port_info 8 /INPUT 1 "start";
    .port_info 9 /OUTPUT 1 "sel1";
    .port_info 10 /OUTPUT 1 "sel2";
    .port_info 11 /OUTPUT 1 "load_dis";
P_00000279fa84f1f0 .param/l "S0" 0 3 10, C4<00>;
P_00000279fa84f228 .param/l "S1" 0 3 10, C4<01>;
P_00000279fa84f260 .param/l "S2" 0 3 10, C4<10>;
v00000279fa8837f0_0 .var "NState", 1 0;
v00000279fa883250_0 .var "PState", 1 0;
v00000279fa883570_0 .net "clk", 0 0, v00000279fa8d81f0_0;  1 drivers
v00000279fa8831b0_0 .var "done", 0 0;
v00000279fa8832f0_0 .var "eq", 0 0;
v00000279fa883c50_0 .var "gt", 0 0;
v00000279fa883390_0 .var "load_A", 0 0;
v00000279fa883610_0 .var "load_B", 0 0;
v00000279fa883a70_0 .var "load_dis", 0 0;
v00000279fa883930_0 .var "lt", 0 0;
v00000279fa883cf0_0 .net "reset", 0 0, v00000279fa8d8650_0;  1 drivers
v00000279fa883d90_0 .var "sel1", 0 0;
v00000279fa882f30_0 .var "sel2", 0 0;
v00000279fa882e90_0 .net "start", 0 0, v00000279fa8d8ab0_0;  1 drivers
E_00000279fa882170 .event anyedge, v00000279fa883250_0, v00000279fa883930_0, v00000279fa883c50_0, v00000279fa8832f0_0;
E_00000279fa882130 .event posedge, v00000279fa883cf0_0, v00000279fa883570_0;
S_00000279fa8594d0 .scope module, "DP" "datapath" 2 11, 4 83 0, S_00000279fa87f3a0;
 .timescale 0 0;
    .port_info 0 /INPUT 1 "clk";
    .port_info 1 /INPUT 1 "rst";
    .port_info 2 /INPUT 1 "load_A";
    .port_info 3 /INPUT 1 "load_B";
    .port_info 4 /INPUT 1 "load_dis";
    .port_info 5 /INPUT 16 "inp";
    .port_info 6 /OUTPUT 16 "outp";
    .port_info 7 /OUTPUT 1 "temp_lt";
    .port_info 8 /OUTPUT 1 "temp_gt";
    .port_info 9 /OUTPUT 1 "temp_eq";
    .port_info 10 /OUTPUT 1 "done";
    .port_info 11 /INPUT 1 "sel1";
    .port_info 12 /INPUT 1 "sel2";
    .port_info 13 /OUTPUT 16 "output_A";
v00000279fa8d76b0_0 .net "clk", 0 0, v00000279fa8d81f0_0;  alias, 1 drivers
v00000279fa8d7250_0 .var "done", 0 0;
v00000279fa8d8150_0 .net "inp", 15 0, v00000279fa8d83d0_0;  1 drivers
v00000279fa8d8470_0 .net "load_A", 0 0, v00000279fa883390_0;  alias, 1 drivers
v00000279fa8d8010_0 .net "load_B", 0 0, v00000279fa883610_0;  alias, 1 drivers
v00000279fa8d77f0_0 .net "load_dis", 0 0, v00000279fa883a70_0;  alias, 1 drivers
v00000279fa8d7890_0 .net "out_A", 15 0, v00000279fa8836b0_0;  1 drivers
v00000279fa8d86f0_0 .net "out_B", 15 0, v00000279fa8d72f0_0;  1 drivers
v00000279fa8d7e30_0 .var "outp", 15 0;
v00000279fa8d7930_0 .net "outp_SUB", 15 0, L_00000279fa8d9ff0;  1 drivers
v00000279fa8d79d0_0 .net "output_A", 15 0, v00000279fa8d7070_0;  1 drivers
v00000279fa8d8830_0 .net "rst", 0 0, v00000279fa8d8650_0;  alias, 1 drivers
v00000279fa8d7a70_0 .net "sel1", 0 0, v00000279fa883d90_0;  alias, 1 drivers
v00000279fa8d7b10_0 .net "sel2", 0 0, v00000279fa882f30_0;  alias, 1 drivers
v00000279fa8d7c50_0 .net "temp_MUX1", 15 0, v00000279fa8d7390_0;  1 drivers
v00000279fa8d7f70_0 .net "temp_MUX2", 15 0, v00000279fa8d6d50_0;  1 drivers
v00000279fa8d80b0_0 .net8 "temp_eq", 0 0, RS_00000279fa884498;  alias, 2 drivers
v00000279fa8d6df0_0 .net8 "temp_gt", 0 0, RS_00000279fa8844c8;  alias, 2 drivers
v00000279fa8d8a10_0 .net8 "temp_lt", 0 0, RS_00000279fa884588;  alias, 2 drivers
E_00000279fa882230 .event anyedge, v00000279fa8831b0_0, v00000279fa8d6fd0_0;
S_00000279fa859750 .scope module, "A" "load_reg" 4 96, 4 4 0, S_00000279fa8594d0;
 .timescale 0 0;
    .port_info 0 /INPUT 1 "clk";
    .port_info 1 /INPUT 1 "reset";
    .port_info 2 /INPUT 1 "load";
    .port_info 3 /INPUT 16 "inp";
    .port_info 4 /OUTPUT 16 "outp";
v00000279fa883430_0 .net "clk", 0 0, v00000279fa8d81f0_0;  alias, 1 drivers
v00000279fa8834d0_0 .net "inp", 15 0, v00000279fa8d83d0_0;  alias, 1 drivers
v00000279fa883070_0 .net "load", 0 0, v00000279fa883390_0;  alias, 1 drivers
v00000279fa8836b0_0 .var "outp", 15 0;
v00000279fa883750_0 .net "reset", 0 0, v00000279fa8d8650_0;  alias, 1 drivers
v00000279fa883890_0 .var "temp", 15 0;
E_00000279fa882a30 .event anyedge, v00000279fa883890_0;
S_00000279fa85cc70 .scope module, "B" "load_reg" 4 104, 4 4 0, S_00000279fa8594d0;
 .timescale 0 0;
    .port_info 0 /INPUT 1 "clk";
    .port_info 1 /INPUT 1 "reset";
    .port_info 2 /INPUT 1 "load";
    .port_info 3 /INPUT 16 "inp";
    .port_info 4 /OUTPUT 16 "outp";
v00000279fa883110_0 .net "clk", 0 0, v00000279fa8d81f0_0;  alias, 1 drivers
v00000279fa8839d0_0 .net "inp", 15 0, v00000279fa8d83d0_0;  alias, 1 drivers
v00000279fa883b10_0 .net "load", 0 0, v00000279fa883610_0;  alias, 1 drivers
v00000279fa8d72f0_0 .var "outp", 15 0;
v00000279fa8d8bf0_0 .net "reset", 0 0, v00000279fa8d8650_0;  alias, 1 drivers
v00000279fa8d6e90_0 .var "temp", 15 0;
E_00000279fa8828b0 .event anyedge, v00000279fa8d6e90_0;
S_00000279fa85ce00 .scope module, "C" "compare" 4 112, 4 42 0, S_00000279fa8594d0;
 .timescale 0 0;
    .port_info 0 /INPUT 16 "a";
    .port_info 1 /INPUT 16 "b";
    .port_info 2 /OUTPUT 1 "eq";
    .port_info 3 /OUTPUT 1 "lt";
    .port_info 4 /OUTPUT 1 "gt";
v00000279fa8d7750_0 .net "a", 15 0, v00000279fa8836b0_0;  alias, 1 drivers
v00000279fa8d7bb0_0 .net "b", 15 0, v00000279fa8d72f0_0;  alias, 1 drivers
v00000279fa8d74d0_0 .var "eq", 0 0;
v00000279fa8d7570_0 .var "gt", 0 0;
v00000279fa8d7cf0_0 .var "lt", 0 0;
E_00000279fa881d70 .event anyedge, v00000279fa8836b0_0, v00000279fa8d72f0_0;
S_00000279fa85d810 .scope module, "D" "display" 4 140, 4 70 0, S_00000279fa8594d0;
 .timescale 0 0;
    .port_info 0 /INPUT 16 "a";
    .port_info 1 /OUTPUT 16 "out";
    .port_info 2 /INPUT 1 "load_dis";
    .port_info 3 /INPUT 1 "clk";
v00000279fa8d6fd0_0 .net "a", 15 0, L_00000279fa8d9ff0;  alias, 1 drivers
v00000279fa8d7610_0 .net "clk", 0 0, v00000279fa8d81f0_0;  alias, 1 drivers
v00000279fa8d6f30_0 .net "load_dis", 0 0, v00000279fa883a70_0;  alias, 1 drivers
v00000279fa8d7070_0 .var "out", 15 0;
E_00000279fa8824f0 .event posedge, v00000279fa883570_0;
S_00000279fa85d9a0 .scope module, "M" "mux21" 4 120, 4 25 0, S_00000279fa8594d0;
 .timescale 0 0;
    .port_info 0 /INPUT 16 "a";
    .port_info 1 /INPUT 16 "b";
    .port_info 2 /INPUT 1 "sel";
    .port_info 3 /OUTPUT 16 "outp";
v00000279fa8d7110_0 .net "a", 15 0, v00000279fa8836b0_0;  alias, 1 drivers
v00000279fa8d7ed0_0 .net "b", 15 0, v00000279fa8d72f0_0;  alias, 1 drivers
v00000279fa8d7390_0 .var "outp", 15 0;
v00000279fa8d8790_0 .net "sel", 0 0, v00000279fa883d90_0;  alias, 1 drivers
E_00000279fa881bb0 .event anyedge, v00000279fa883d90_0, v00000279fa8d72f0_0, v00000279fa8836b0_0;
S_00000279fa864eb0 .scope module, "M1" "mux21" 4 127, 4 25 0, S_00000279fa8594d0;
 .timescale 0 0;
    .port_info 0 /INPUT 16 "a";
    .port_info 1 /INPUT 16 "b";
    .port_info 2 /INPUT 1 "sel";
    .port_info 3 /OUTPUT 16 "outp";
v00000279fa8d7d90_0 .net "a", 15 0, v00000279fa8836b0_0;  alias, 1 drivers
v00000279fa8d71b0_0 .net "b", 15 0, v00000279fa8d72f0_0;  alias, 1 drivers
v00000279fa8d6d50_0 .var "outp", 15 0;
v00000279fa8d88d0_0 .net "sel", 0 0, v00000279fa882f30_0;  alias, 1 drivers
E_00000279fa881b30 .event anyedge, v00000279fa882f30_0, v00000279fa8d72f0_0, v00000279fa8836b0_0;
S_00000279fa865040 .scope module, "S" "subtract" 4 134, 4 61 0, S_00000279fa8594d0;
 .timescale 0 0;
    .port_info 0 /INPUT 16 "a";
    .port_info 1 /INPUT 16 "b";
    .port_info 2 /OUTPUT 16 "outp";
v00000279fa8d7430_0 .net "a", 15 0, v00000279fa8d7390_0;  alias, 1 drivers
v00000279fa8d8330_0 .net "b", 15 0, v00000279fa8d6d50_0;  alias, 1 drivers
v00000279fa8d8290_0 .net "outp", 15 0, L_00000279fa8d9ff0;  alias, 1 drivers
L_00000279fa8d9ff0 .arith/sub 16, v00000279fa8d7390_0, v00000279fa8d6d50_0;
    .scope S_00000279fa859750;
T_0 ;
    %wait E_00000279fa882130;
    %load/vec4 v00000279fa883750_0;
    %flag_set/vec4 8;
    %jmp/0xz  T_0.0, 8;
    %pushi/vec4 0, 65535, 16;
    %assign/vec4 v00000279fa883890_0, 0;
    %jmp T_0.1;
T_0.0 ;
    %load/vec4 v00000279fa883070_0;
    %flag_set/vec4 8;
    %jmp/0xz  T_0.2, 8;
    %load/vec4 v00000279fa8834d0_0;
    %assign/vec4 v00000279fa883890_0, 0;
T_0.2 ;
T_0.1 ;
    %jmp T_0;
    .thread T_0;
    .scope S_00000279fa859750;
T_1 ;
    %wait E_00000279fa882a30;
    %load/vec4 v00000279fa883890_0;
    %store/vec4 v00000279fa8836b0_0, 0, 16;
    %jmp T_1;
    .thread T_1, $push;
    .scope S_00000279fa85cc70;
T_2 ;
    %wait E_00000279fa882130;
    %load/vec4 v00000279fa8d8bf0_0;
    %flag_set/vec4 8;
    %jmp/0xz  T_2.0, 8;
    %pushi/vec4 0, 65535, 16;
    %assign/vec4 v00000279fa8d6e90_0, 0;
    %jmp T_2.1;
T_2.0 ;
    %load/vec4 v00000279fa883b10_0;
    %flag_set/vec4 8;
    %jmp/0xz  T_2.2, 8;
    %load/vec4 v00000279fa8839d0_0;
    %assign/vec4 v00000279fa8d6e90_0, 0;
T_2.2 ;
T_2.1 ;
    %jmp T_2;
    .thread T_2;
    .scope S_00000279fa85cc70;
T_3 ;
    %wait E_00000279fa8828b0;
    %load/vec4 v00000279fa8d6e90_0;
    %store/vec4 v00000279fa8d72f0_0, 0, 16;
    %jmp T_3;
    .thread T_3, $push;
    .scope S_00000279fa85ce00;
T_4 ;
    %wait E_00000279fa881d70;
    %load/vec4 v00000279fa8d7750_0;
    %load/vec4 v00000279fa8d7bb0_0;
    %cmp/e;
    %jmp/0xz  T_4.0, 4;
    %pushi/vec4 1, 0, 1;
    %store/vec4 v00000279fa8d74d0_0, 0, 1;
    %jmp T_4.1;
T_4.0 ;
    %load/vec4 v00000279fa8d7750_0;
    %load/vec4 v00000279fa8d7bb0_0;
    %cmp/u;
    %jmp/0xz  T_4.2, 5;
    %pushi/vec4 1, 0, 1;
    %store/vec4 v00000279fa8d7cf0_0, 0, 1;
    %jmp T_4.3;
T_4.2 ;
    %load/vec4 v00000279fa8d7bb0_0;
    %load/vec4 v00000279fa8d7750_0;
    %cmp/u;
    %jmp/0xz  T_4.4, 5;
    %pushi/vec4 1, 0, 1;
    %store/vec4 v00000279fa8d7570_0, 0, 1;
T_4.4 ;
T_4.3 ;
T_4.1 ;
    %jmp T_4;
    .thread T_4, $push;
    .scope S_00000279fa85d9a0;
T_5 ;
    %wait E_00000279fa881bb0;
    %load/vec4 v00000279fa8d8790_0;
    %flag_set/vec4 8;
    %jmp/0xz  T_5.0, 8;
    %load/vec4 v00000279fa8d7ed0_0;
    %store/vec4 v00000279fa8d7390_0, 0, 16;
    %jmp T_5.1;
T_5.0 ;
    %load/vec4 v00000279fa8d7110_0;
    %store/vec4 v00000279fa8d7390_0, 0, 16;
T_5.1 ;
    %jmp T_5;
    .thread T_5, $push;
    .scope S_00000279fa864eb0;
T_6 ;
    %wait E_00000279fa881b30;
    %load/vec4 v00000279fa8d88d0_0;
    %flag_set/vec4 8;
    %jmp/0xz  T_6.0, 8;
    %load/vec4 v00000279fa8d71b0_0;
    %store/vec4 v00000279fa8d6d50_0, 0, 16;
    %jmp T_6.1;
T_6.0 ;
    %load/vec4 v00000279fa8d7d90_0;
    %store/vec4 v00000279fa8d6d50_0, 0, 16;
T_6.1 ;
    %jmp T_6;
    .thread T_6, $push;
    .scope S_00000279fa85d810;
T_7 ;
    %wait E_00000279fa8824f0;
    %load/vec4 v00000279fa8d6f30_0;
    %flag_set/vec4 8;
    %jmp/0xz  T_7.0, 8;
    %load/vec4 v00000279fa8d6fd0_0;
    %store/vec4 v00000279fa8d7070_0, 0, 16;
T_7.0 ;
    %jmp T_7;
    .thread T_7;
    .scope S_00000279fa8594d0;
T_8 ;
    %wait E_00000279fa882230;
    %load/vec4 v00000279fa8d7250_0;
    %pad/u 32;
    %cmpi/e 1, 0, 32;
    %flag_mov 8, 4;
    %jmp/0 T_8.0, 8;
    %load/vec4 v00000279fa8d7930_0;
    %jmp/1 T_8.1, 8;
T_8.0 ; End of true expr.
    %pushi/vec4 0, 65535, 16;
    %jmp/0 T_8.1, 8;
 ; End of false expr.
    %blend;
T_8.1;
    %store/vec4 v00000279fa8d7e30_0, 0, 16;
    %jmp T_8;
    .thread T_8, $push;
    .scope S_00000279fa882ae0;
T_9 ;
    %wait E_00000279fa882130;
    %load/vec4 v00000279fa883cf0_0;
    %flag_set/vec4 8;
    %jmp/0xz  T_9.0, 8;
    %pushi/vec4 0, 0, 2;
    %assign/vec4 v00000279fa883250_0, 0;
    %jmp T_9.1;
T_9.0 ;
    %load/vec4 v00000279fa882e90_0;
    %flag_set/vec4 8;
    %jmp/0xz  T_9.2, 8;
    %load/vec4 v00000279fa8837f0_0;
    %assign/vec4 v00000279fa883250_0, 0;
    %jmp T_9.3;
T_9.2 ;
    %pushi/vec4 0, 0, 2;
    %assign/vec4 v00000279fa883250_0, 0;
T_9.3 ;
T_9.1 ;
    %jmp T_9;
    .thread T_9;
    .scope S_00000279fa882ae0;
T_10 ;
    %wait E_00000279fa882170;
    %load/vec4 v00000279fa883250_0;
    %dup/vec4;
    %pushi/vec4 0, 0, 2;
    %cmp/u;
    %jmp/1 T_10.0, 6;
    %dup/vec4;
    %pushi/vec4 1, 0, 2;
    %cmp/u;
    %jmp/1 T_10.1, 6;
    %dup/vec4;
    %pushi/vec4 2, 0, 2;
    %cmp/u;
    %jmp/1 T_10.2, 6;
    %jmp T_10.3;
T_10.0 ;
    %pushi/vec4 1, 0, 1;
    %store/vec4 v00000279fa883390_0, 0, 1;
    %pushi/vec4 1, 0, 1;
    %store/vec4 v00000279fa883610_0, 0, 1;
    %pushi/vec4 0, 0, 1;
    %store/vec4 v00000279fa883a70_0, 0, 1;
    %pushi/vec4 0, 1, 1;
    %store/vec4 v00000279fa883d90_0, 0, 1;
    %pushi/vec4 0, 1, 1;
    %store/vec4 v00000279fa882f30_0, 0, 1;
    %pushi/vec4 0, 0, 1;
    %store/vec4 v00000279fa883930_0, 0, 1;
    %pushi/vec4 0, 0, 1;
    %store/vec4 v00000279fa883c50_0, 0, 1;
    %pushi/vec4 0, 0, 1;
    %store/vec4 v00000279fa8832f0_0, 0, 1;
    %pushi/vec4 0, 0, 1;
    %store/vec4 v00000279fa8831b0_0, 0, 1;
    %pushi/vec4 1, 0, 2;
    %store/vec4 v00000279fa8837f0_0, 0, 2;
    %jmp T_10.3;
T_10.1 ;
    %pushi/vec4 0, 0, 1;
    %store/vec4 v00000279fa883390_0, 0, 1;
    %pushi/vec4 0, 0, 1;
    %store/vec4 v00000279fa883610_0, 0, 1;
    %pushi/vec4 0, 0, 1;
    %store/vec4 v00000279fa883a70_0, 0, 1;
    %pushi/vec4 0, 0, 1;
    %store/vec4 v00000279fa8831b0_0, 0, 1;
    %load/vec4 v00000279fa883930_0;
    %cmpi/e 1, 0, 1;
    %jmp/0xz  T_10.4, 4;
    %pushi/vec4 1, 0, 1;
    %store/vec4 v00000279fa883d90_0, 0, 1;
    %pushi/vec4 0, 0, 1;
    %store/vec4 v00000279fa882f30_0, 0, 1;
    %pushi/vec4 1, 0, 2;
    %store/vec4 v00000279fa8837f0_0, 0, 2;
    %jmp T_10.5;
T_10.4 ;
    %load/vec4 v00000279fa883c50_0;
    %cmpi/e 1, 0, 1;
    %jmp/0xz  T_10.6, 4;
    %pushi/vec4 0, 0, 1;
    %store/vec4 v00000279fa883d90_0, 0, 1;
    %pushi/vec4 1, 0, 1;
    %store/vec4 v00000279fa882f30_0, 0, 1;
    %pushi/vec4 1, 0, 2;
    %store/vec4 v00000279fa8837f0_0, 0, 2;
    %jmp T_10.7;
T_10.6 ;
    %load/vec4 v00000279fa8832f0_0;
    %cmpi/e 1, 0, 1;
    %jmp/0xz  T_10.8, 4;
    %pushi/vec4 0, 1, 1;
    %store/vec4 v00000279fa883d90_0, 0, 1;
    %pushi/vec4 0, 1, 1;
    %store/vec4 v00000279fa882f30_0, 0, 1;
    %pushi/vec4 2, 0, 2;
    %store/vec4 v00000279fa8837f0_0, 0, 2;
T_10.8 ;
T_10.7 ;
T_10.5 ;
    %jmp T_10.3;
T_10.2 ;
    %pushi/vec4 0, 0, 1;
    %store/vec4 v00000279fa883390_0, 0, 1;
    %pushi/vec4 0, 0, 1;
    %store/vec4 v00000279fa883610_0, 0, 1;
    %pushi/vec4 1, 0, 1;
    %store/vec4 v00000279fa883a70_0, 0, 1;
    %pushi/vec4 1, 0, 1;
    %store/vec4 v00000279fa8831b0_0, 0, 1;
    %pushi/vec4 0, 1, 1;
    %store/vec4 v00000279fa883d90_0, 0, 1;
    %pushi/vec4 0, 1, 1;
    %store/vec4 v00000279fa882f30_0, 0, 1;
    %pushi/vec4 0, 0, 1;
    %store/vec4 v00000279fa883930_0, 0, 1;
    %pushi/vec4 0, 0, 1;
    %store/vec4 v00000279fa883c50_0, 0, 1;
    %pushi/vec4 0, 0, 1;
    %store/vec4 v00000279fa8832f0_0, 0, 1;
    %pushi/vec4 0, 0, 2;
    %store/vec4 v00000279fa8837f0_0, 0, 2;
    %jmp T_10.3;
T_10.3 ;
    %pop/vec4 1;
    %jmp T_10;
    .thread T_10, $push;
    .scope S_00000279fa87f3a0;
T_11 ;
    %pushi/vec4 0, 0, 1;
    %store/vec4 v00000279fa8d81f0_0, 0, 1;
    %pushi/vec4 1, 0, 1;
    %store/vec4 v00000279fa8d8650_0, 0, 1;
    %pushi/vec4 0, 0, 1;
    %store/vec4 v00000279fa8d8ab0_0, 0, 1;
    %pushi/vec4 0, 0, 32;
    %store/vec4 v00000279fa8d8970_0, 0, 32;
    %delay 5, 0;
    %pushi/vec4 0, 0, 1;
    %store/vec4 v00000279fa8d8650_0, 0, 1;
    %end;
    .thread T_11;
    .scope S_00000279fa87f3a0;
T_12 ;
    %delay 5, 0;
    %load/vec4 v00000279fa8d81f0_0;
    %inv;
    %store/vec4 v00000279fa8d81f0_0, 0, 1;
    %jmp T_12;
    .thread T_12;
    .scope S_00000279fa87f3a0;
T_13 ;
    %delay 10, 0;
    %wait E_00000279fa8824f0;
    %pushi/vec4 10, 0, 32;
T_13.0 %dup/vec4;
    %pushi/vec4 0, 0, 32;
    %cmp/s;
    %jmp/1xz T_13.1, 5;
    %jmp/1 T_13.1, 4;
    %pushi/vec4 1, 0, 32;
    %sub;
    %load/vec4 v00000279fa8d8970_0;
    %addi 1, 0, 32;
    %vpi_call 2 55 "$display", "======== Test no.%d ========", S<0,vec4,s32> {1 0 0};
    %wait E_00000279fa882470;
    %pushi/vec4 1, 0, 1;
    %store/vec4 v00000279fa8d8ab0_0, 0, 1;
    %vpi_func 2 58 "$urandom_range" 32, 32'sb00000000000000000000000000000000, 32'sb00000000000000000000010000000000 {0 0 0};
    %pad/u 16;
    %store/vec4 v00000279fa8d83d0_0, 0, 16;
    %vpi_call 2 59 "$display", $time, " ", "Number 1 = %d", v00000279fa8d83d0_0 {0 0 0};
    %wait E_00000279fa882470;
    %vpi_func 2 61 "$urandom_range" 32, 32'sb00000000000000000000000000000000, 32'sb00000000000000000000010000000000 {0 0 0};
    %pad/u 16;
    %store/vec4 v00000279fa8d83d0_0, 0, 16;
    %vpi_call 2 62 "$display", $time, " ", "Number 2 = %d", v00000279fa8d83d0_0 {0 0 0};
    %wait E_00000279fa881d30;
    %wait E_00000279fa882470;
    %pushi/vec4 0, 0, 1;
    %store/vec4 v00000279fa8d8ab0_0, 0, 1;
    %load/vec4 v00000279fa8d8970_0;
    %addi 1, 0, 32;
    %store/vec4 v00000279fa8d8970_0, 0, 32;
    %jmp T_13.0;
T_13.1 ;
    %pop/vec4 1;
    %vpi_call 2 68 "$finish" {0 0 0};
    %end;
    .thread T_13;
    .scope S_00000279fa87f3a0;
T_14 ;
T_14.0 ;
    %wait E_00000279fa881d30;
    %delay 0, 0;
    %vpi_call 2 74 "$display", $time, " ", "Result = %d", v00000279fa8d8510_0 {0 0 0};
    %jmp T_14.0;
    %end;
    .thread T_14;
# The file index is used to find the file name in the following table.
:file_names 5;
    "N/A";
    "<interactive>";
    "ex2_tb.v";
    "./controller2.v";
    "./datapath2.v";
