#! /c/Source/iverilog-install/bin/vvp
:ivl_version "12.0 (devel)" "(s20150603-1539-g2693dd32b)";
:ivl_delay_selection "TYPICAL";
:vpi_time_precision + 0;
:vpi_module "C:\iverilog\lib\ivl\system.vpi";
:vpi_module "C:\iverilog\lib\ivl\vhdl_sys.vpi";
:vpi_module "C:\iverilog\lib\ivl\vhdl_textio.vpi";
:vpi_module "C:\iverilog\lib\ivl\v2005_math.vpi";
:vpi_module "C:\iverilog\lib\ivl\va_math.vpi";
S_00000246564fb0e0 .scope module, "tb" "tb" 2 2;
 .timescale 0 0;
v00000246563e3040_0 .var "ReadAddress1", 4 0;
v00000246563e30e0_0 .var "ReadAddress2", 4 0;
v0000024656413110_0 .net "ReadData1", 31 0, v00000246564fbbd0_0;  1 drivers
v00000246564131b0_0 .net "ReadData2", 31 0, v00000246564fbc70_0;  1 drivers
v0000024656413250_0 .var "ReadWriteEn", 0 0;
v00000246564132f0_0 .var "WriteAddress", 4 0;
v0000024656413390_0 .var "WriteData", 31 0;
v00000246564135c0_0 .var "clk", 0 0;
S_00000246564fb9a0 .scope module, "RF" "register_file" 2 8, 3 3 0, S_00000246564fb0e0;
 .timescale 0 0;
    .port_info 0 /INPUT 5 "ReadAddress1";
    .port_info 1 /INPUT 5 "ReadAddress2";
    .port_info 2 /INPUT 5 "WriteAddress";
    .port_info 3 /INPUT 32 "WriteData";
    .port_info 4 /INPUT 1 "ReadWriteEn";
    .port_info 5 /INPUT 1 "clk";
    .port_info 6 /OUTPUT 32 "ReadData1";
    .port_info 7 /OUTPUT 32 "ReadData2";
L_0000024656414650 .functor BUFZ 5, v00000246563e3040_0, C4<00000>, C4<00000>, C4<00000>;
L_0000024656414960 .functor BUFZ 5, v00000246563e30e0_0, C4<00000>, C4<00000>, C4<00000>;
v00000246564fb270_0 .net "ReadAddress1", 4 0, v00000246563e3040_0;  1 drivers
v00000246564fbb30_0 .net "ReadAddress2", 4 0, v00000246563e30e0_0;  1 drivers
v00000246564fbbd0_0 .var "ReadData1", 31 0;
v00000246564fbc70_0 .var "ReadData2", 31 0;
v00000246563e2d20_0 .net "ReadWriteEn", 0 0, v0000024656413250_0;  1 drivers
RS_000002465641d0c8 .resolv tri, L_0000024656414650, L_0000024656414960, v00000246564132f0_0;
v00000246563e2dc0_0 .net8 "WriteAddress", 4 0, RS_000002465641d0c8;  3 drivers
v00000246563e2e60_0 .net "WriteData", 31 0, v0000024656413390_0;  1 drivers
v00000246563e2f00_0 .net "clk", 0 0, v00000246564135c0_0;  1 drivers
v00000246563e2fa0 .array "register", 0 4, 31 0;
E_0000024656407b50 .event posedge, v00000246563e2f00_0;
    .scope S_00000246564fb9a0;
T_0 ;
    %wait E_0000024656407b50;
    %load/vec4 v00000246563e2d20_0;
    %cmpi/e 0, 0, 1;
    %jmp/0xz  T_0.0, 4;
    %load/vec4 v00000246563e2e60_0;
    %ix/getv 4, v00000246563e2dc0_0;
    %store/vec4a v00000246563e2fa0, 4, 0;
    %jmp T_0.1;
T_0.0 ;
    %load/vec4 v00000246563e2d20_0;
    %cmpi/e 1, 0, 1;
    %jmp/0xz  T_0.2, 4;
    %ix/getv 4, v00000246564fb270_0;
    %load/vec4a v00000246563e2fa0, 4;
    %store/vec4 v00000246564fbbd0_0, 0, 32;
    %ix/getv 4, v00000246564fbb30_0;
    %load/vec4a v00000246563e2fa0, 4;
    %store/vec4 v00000246564fbc70_0, 0, 32;
T_0.2 ;
T_0.1 ;
    %jmp T_0;
    .thread T_0;
    .scope S_00000246564fb0e0;
T_1 ;
    %pushi/vec4 0, 0, 1;
    %store/vec4 v00000246564135c0_0, 0, 1;
    %end;
    .thread T_1;
    .scope S_00000246564fb0e0;
T_2 ;
    %delay 5, 0;
    %load/vec4 v00000246564135c0_0;
    %inv;
    %store/vec4 v00000246564135c0_0, 0, 1;
    %jmp T_2;
    .thread T_2;
    .scope S_00000246564fb0e0;
T_3 ;
    %delay 10, 0;
    %pushi/vec4 0, 0, 5;
    %store/vec4 v00000246564132f0_0, 0, 5;
    %pushi/vec4 10, 0, 32;
    %store/vec4 v0000024656413390_0, 0, 32;
    %delay 10, 0;
    %pushi/vec4 1, 0, 5;
    %store/vec4 v00000246564132f0_0, 0, 5;
    %pushi/vec4 20, 0, 32;
    %store/vec4 v0000024656413390_0, 0, 32;
    %delay 10, 0;
    %pushi/vec4 0, 0, 5;
    %store/vec4 v00000246563e3040_0, 0, 5;
    %delay 10, 0;
    %pushi/vec4 1, 0, 5;
    %store/vec4 v00000246563e30e0_0, 0, 5;
    %delay 10, 0;
    %end;
    .thread T_3;
    .scope S_00000246564fb0e0;
T_4 ;
    %vpi_call 2 39 "$monitor", $time, " ", "ReadData1 = %d, ReadData2 = %d", v0000024656413110_0, v00000246564131b0_0 {0 0 0};
    %end;
    .thread T_4;
    .scope S_00000246564fb0e0;
T_5 ;
    %vpi_call 2 43 "$dumpfile", "register_file.vcd" {0 0 0};
    %vpi_call 2 44 "$dumpvars", 32'sb00000000000000000000000000000000, S_00000246564fb0e0 {0 0 0};
    %end;
    .thread T_5;
# The file index is used to find the file name in the following table.
:file_names 4;
    "N/A";
    "<interactive>";
    "lab01_2_tb.v";
    "./lab01_2.v";
